<?xml version="1.0" encoding="UTF-8"?>
<!-- Generated by org.testng.reporters.JUnitXMLReporter -->
<testsuite ignored="1" hostname="DESKTOP-Q68S5II" failures="0" tests="1" name="Default test" time="8.79" errors="0" timestamp="2020-09-13T19:44:52 CDT">
  <testcase classname="scripts.TestScripts" name="testSortlistBox" time="4.691"/>
  <testcase classname="scripts.TestScripts" name="testcreateemployee" time="0.0">
    <ignored/>
  </testcase> <!-- testcreateemployee -->
</testsuite> <!-- Default test -->
