<?xml version="1.0" encoding="UTF-8"?>
<!-- Generated by org.testng.reporters.JUnitXMLReporter -->
<testsuite ignored="1" hostname="DESKTOP-Q68S5II" failures="0" tests="1" name="Testng.xml" time="10.164" errors="0" timestamp="2020-09-30T18:12:29 CDT">
  <testcase classname="scripts.TestScripts" name="testSortlistBox" time="5.368"/>
  <testcase classname="scripts.TestScripts" name="testcreateemployee" time="0.0">
    <ignored/>
  </testcase> <!-- testcreateemployee -->
</testsuite> <!-- Testng.xml -->
