<?xml version="1.0" encoding="UTF-8"?>
<testng-results total="1" passed="1" failed="0" skipped="0">
  <reporter-output>
    <line>
      <![CDATA[Title is matchingOrangeHRM]]>
    </line>
    <line>
      <![CDATA[List Box is sorted]]>
    </line>
  </reporter-output>
  <suite started-at="2020-09-30T23:23:47Z" name="Suite" finished-at="2020-09-30T23:23:55Z" duration-ms="8444">
    <groups>
    </groups>
    <test started-at="2020-09-30T23:23:47Z" name="Testng.xml" finished-at="2020-09-30T23:23:55Z" duration-ms="8444">
      <class name="scripts.TestScripts">
        <test-method is-config="true" signature="preCondition()[pri:0, instance:scripts.TestScripts@4ea5b703]" started-at="2020-09-30T18:23:47Z" name="preCondition" finished-at="2020-09-30T18:23:51Z" duration-ms="4018" status="PASS">
          <reporter-output>
          </reporter-output>
        </test-method> <!-- preCondition -->
        <test-method signature="testSortlistBox()[pri:0, instance:scripts.TestScripts@4ea5b703]" started-at="2020-09-30T18:23:51Z" name="testSortlistBox" finished-at="2020-09-30T18:23:55Z" duration-ms="4420" status="PASS">
          <reporter-output>
            <line>
              <![CDATA[Title is matchingOrangeHRM]]>
            </line>
            <line>
              <![CDATA[List Box is sorted]]>
            </line>
          </reporter-output>
        </test-method> <!-- testSortlistBox -->
      </class> <!-- scripts.TestScripts -->
    </test> <!-- Testng.xml -->
  </suite> <!-- Suite -->
</testng-results>
