<?xml version="1.0" encoding="UTF-8"?>
<testng-results ignored="1" total="2" passed="1" failed="0" skipped="0">
  <reporter-output>
    <line>
      <![CDATA[Title is matchingOrangeHRM]]>
    </line>
    <line>
      <![CDATA[List Box is sorted]]>
    </line>
  </reporter-output>
  <suite started-at="2020-09-30T18:12:19 CDT" name="Suite" finished-at="2020-09-30T18:12:29 CDT" duration-ms="10164">
    <groups>
    </groups>
    <test started-at="2020-09-30T18:12:19 CDT" name="Testng.xml" finished-at="2020-09-30T18:12:29 CDT" duration-ms="10164">
      <class name="scripts.TestScripts">
        <test-method is-config="true" signature="preCondition()[pri:0, instance:scripts.TestScripts@3315d2d7]" started-at="2020-09-30T18:12:19 CDT" name="preCondition" finished-at="2020-09-30T18:12:23 CDT" duration-ms="4774" status="PASS">
          <reporter-output>
          </reporter-output>
        </test-method> <!-- preCondition -->
        <test-method signature="testSortlistBox()[pri:0, instance:scripts.TestScripts@3315d2d7]" started-at="2020-09-30T18:12:23 CDT" name="testSortlistBox" finished-at="2020-09-30T18:12:29 CDT" duration-ms="5368" status="PASS">
          <reporter-output>
            <line>
              <![CDATA[Title is matchingOrangeHRM]]>
            </line>
            <line>
              <![CDATA[List Box is sorted]]>
            </line>
          </reporter-output>
        </test-method> <!-- testSortlistBox -->
      </class> <!-- scripts.TestScripts -->
    </test> <!-- Testng.xml -->
  </suite> <!-- Suite -->
</testng-results>
